<?xml version="1.0" encoding="UTF-8"?>
<!-- Generated by org.testng.reporters.JUnitReportReporter -->
<testsuite hostname="DESKTOP-BJSOS53" failures="0" tests="1" name="com.Racpad.Testcases.BaseClass" time="24.435" errors="0" timestamp="25 Mar 2022 19:43:44 GMT" skipped="0">
  <testcase classname="com.Racpad.Testcases.BaseClass" name="config" time="24.435"/>
</testsuite> <!-- com.Racpad.Testcases.BaseClass -->
