<?xml version="1.0" encoding="UTF-8"?>
<!-- Generated by org.testng.reporters.JUnitReportReporter -->
<testsuite hostname="DESKTOP-BJSOS53" failures="0" tests="1" name="com.Racpad.Testcases.TC_Racpad_customerDetails" time="1.108" errors="0" timestamp="29 Mar 2022 19:36:43 GMT" skipped="0">
  <testcase classname="com.Racpad.Testcases.TC_Racpad_customerDetails" name="getData" time="1.108"/>
</testsuite> <!-- com.Racpad.Testcases.TC_Racpad_customerDetails -->
