<?xml version="1.0" encoding="UTF-8"?>
<!-- Generated by org.testng.reporters.JUnitReportReporter -->
<testsuite hostname="DESKTOP-BJSOS53" failures="0" tests="1" name="com.Racpad.Actions.CustomerActions" time="1.257" errors="0" timestamp="29 Mar 2022 19:44:10 GMT" skipped="0">
  <testcase classname="com.Racpad.Actions.CustomerActions" name="getData" time="1.257"/>
</testsuite> <!-- com.Racpad.Actions.CustomerActions -->
