<?xml version="1.0" encoding="UTF-8"?>
<!-- Generated by org.testng.reporters.JUnitReportReporter -->
<testsuite hostname="DESKTOP-BJSOS53" failures="0" tests="1" name="com.Racpad.Testcases.TC_openRacpad" time="99.565" errors="0" timestamp="03 Apr 2022 16:57:46 GMT" skipped="0">
  <testcase classname="com.Racpad.Testcases.TC_openRacpad" name="openRacpad" time="99.565"/>
</testsuite> <!-- com.Racpad.Testcases.TC_openRacpad -->
